NODE_TYPE,NODE_ID,DATA,EDGE_TYPE,EDGE_FROM,EDGE_TO,EXTRA
PD,PD_0,ROOT_TASK,,,,
RESOURCE_SPACE,ADS_SPACE_7,ADS,,,,
RESOURCE_SPACE,MO_SPACE_4,MO,,,,
RESOURCE,VMR_7_1,VMR,,,,2f400000_STACK_17_12
RESOURCE,MO_4_1,MO,,,,0x0_16_12
RESOURCE,VMR_7_2,VMR,,,,10000000_UNKNOWN_128000_12
RESOURCE,MO_4_2,MO,,,,0x0_0_12
RESOURCE,VMR_7_3,VMR,,,,2f425000_GENERIC_1_12
RESOURCE,MO_4_3,MO,,,,0x7fd2e000_1_12
RESOURCE,VMR_7_6,VMR,,,,2f484000_GENERIC_1_12
RESOURCE,MO_4_8,MO,,,,0x7479c000_1_12
RESOURCE,VMR_7_7,VMR,,,,2f485000_GENERIC_1_12
RESOURCE,MO_4_b,MO,,,,0x746af000_1_12
PD,PD_1,GPIVM004,,,,
RESOURCE_SPACE,ADS_SPACE_8,ADS,,,,
RESOURCE,VMR_8_1,VMR,,,,400000_ELF_CODE_557_12
RESOURCE,MO_4_4,MO,,,,0x7fd39000_557_12
RESOURCE,VMR_8_2,VMR,,,,62d000_ELF_DATA_22256_12
RESOURCE,MO_4_5,MO,,,,0x6f614000_22256_12
RESOURCE,VMR_8_3,VMR,,,,10000000_SHARED_FRAMES_1_12
RESOURCE,VMR_8_4,VMR,,,,10001000_IPC_BUF_1_12
RESOURCE,MO_4_6,MO,,,,0x7478a000_1_12
RESOURCE,VMR_8_5,VMR,,,,10002000_STACK_17_12
RESOURCE,MO_4_7,MO,,,,0x7478b000_16_12
RESOURCE,VMR_8_6,VMR,,,,10013000_OSM_DATA_1_12
RESOURCE,VMR_8_7,VMR,,,,10014000_STACK_17_12
RESOURCE,MO_4_9,MO,,,,0x7479d000_16_12
RESOURCE,VMR_8_8,VMR,,,,10025000_IPC_BUF_1_12
RESOURCE,MO_4_a,MO,,,,0x746ae000_1_12
RESOURCE,VMR_8_9,VMR,,,,10200000_GENERIC_256_21
RESOURCE,MO_4_c,MO,,,,0x40000000_256_21
RESOURCE_SPACE,VCPU_SPACE_5,VCPU,,,,
RESOURCE,VCPU_5_1,VCPU,,,,
RESOURCE,PCPU_1_0,PCPU,,,,
PD,PD_2,PD,,,,
RESOURCE,VCPU_5_2,VCPU,,,,
PD,PD_3,PD,,,,
RESOURCE,VCPU_5_3,VCPU,,,,elevated
RESOURCE_SPACE,ADS_SPACE_9,ADS,,,,
RESOURCE,VMR_9_1,VMR,,,,10000000_OSM_DATA_1_12
RESOURCE,VMR_9_2,VMR,,,,9000000_GENERIC_1_12
RESOURCE,MO_4_d,MO,,,,0x9000000_1_12
RESOURCE,VMR_9_3,VMR,,,,8010000_DEVICE_1_12
RESOURCE,MO_4_e,MO,,,,0x8040000_1_12
RESOURCE,VMR_9_4,VMR,,,,40000000_GENERIC_256_21
,,NONE,MAP,ADS_SPACE_7,MO_SPACE_4,
,,NONE,HOLD,PD_0,ADS_SPACE_7,
,,NONE,SUBSET,VMR_7_1,ADS_SPACE_7,
,,NONE,HOLD,PD_0,VMR_7_1,
,,NONE,MAP,VMR_7_1,MO_4_1,
,,NONE,SUBSET,VMR_7_2,ADS_SPACE_7,
,,NONE,HOLD,PD_0,VMR_7_2,
,,NONE,MAP,VMR_7_2,MO_4_2,
,,NONE,SUBSET,VMR_7_3,ADS_SPACE_7,
,,NONE,HOLD,PD_0,VMR_7_3,
,,NONE,MAP,VMR_7_3,MO_4_3,
,,NONE,SUBSET,VMR_7_6,ADS_SPACE_7,
,,NONE,HOLD,PD_0,VMR_7_6,
,,NONE,MAP,VMR_7_6,MO_4_8,
,,NONE,SUBSET,VMR_7_7,ADS_SPACE_7,
,,NONE,HOLD,PD_0,VMR_7_7,
,,NONE,MAP,VMR_7_7,MO_4_b,
,,NONE,HOLD,PD_0,MO_4_1,
,,NONE,SUBSET,MO_4_1,MO_SPACE_4,
,,NONE,HOLD,PD_0,MO_4_2,
,,NONE,SUBSET,MO_4_2,MO_SPACE_4,
,,NONE,HOLD,PD_0,MO_4_3,
,,NONE,SUBSET,MO_4_3,MO_SPACE_4,
,,ADS,REQUEST,PD_1,PD_0,
,,VMR,REQUEST,PD_1,PD_0,
,,MO,REQUEST,PD_1,PD_0,
,,VCPU,REQUEST,PD_1,PD_0,
,,PD,REQUEST,PD_1,PD_0,
,,EP,REQUEST,PD_1,PD_0,
,,RESSPC,REQUEST,PD_1,PD_0,
,,NONE,MAP,ADS_SPACE_8,MO_SPACE_4,
,,NONE,HOLD,PD_0,ADS_SPACE_8,
,,NONE,SUBSET,VMR_8_1,ADS_SPACE_8,
,,NONE,HOLD,PD_1,VMR_8_1,
,,NONE,MAP,VMR_8_1,MO_4_4,
,,NONE,SUBSET,VMR_8_2,ADS_SPACE_8,
,,NONE,HOLD,PD_1,VMR_8_2,
,,NONE,MAP,VMR_8_2,MO_4_5,
,,NONE,SUBSET,VMR_8_3,ADS_SPACE_8,
,,NONE,HOLD,PD_1,VMR_8_3,
,,NONE,MAP,VMR_8_3,MO_4_3,
,,NONE,SUBSET,VMR_8_4,ADS_SPACE_8,
,,NONE,HOLD,PD_1,VMR_8_4,
,,NONE,MAP,VMR_8_4,MO_4_6,
,,NONE,SUBSET,VMR_8_5,ADS_SPACE_8,
,,NONE,HOLD,PD_1,VMR_8_5,
,,NONE,MAP,VMR_8_5,MO_4_7,
,,NONE,SUBSET,VMR_8_6,ADS_SPACE_8,
,,NONE,HOLD,PD_1,VMR_8_6,
,,NONE,MAP,VMR_8_6,MO_4_8,
,,NONE,SUBSET,VMR_8_7,ADS_SPACE_8,
,,NONE,HOLD,PD_1,VMR_8_7,
,,NONE,MAP,VMR_8_7,MO_4_9,
,,NONE,SUBSET,VMR_8_8,ADS_SPACE_8,
,,NONE,HOLD,PD_1,VMR_8_8,
,,NONE,MAP,VMR_8_8,MO_4_a,
,,NONE,SUBSET,VMR_8_9,ADS_SPACE_8,
,,NONE,HOLD,PD_1,VMR_8_9,
,,NONE,MAP,VMR_8_9,MO_4_c,
,,NONE,HOLD,PD_1,ADS_SPACE_8,
,,NONE,HOLD,PD_0,VCPU_SPACE_5,
,,NONE,HOLD,PD_1,VCPU_5_1,
,,NONE,SUBSET,VCPU_5_1,VCPU_SPACE_5,
,,NONE,MAP,VCPU_5_1,PCPU_1_0,
,,NONE,HOLD,PD_0,PCPU_1_0,
,,NONE,SUBSET,PCPU_1_0,VCPU_SPACE_5,
,,NONE,HOLD,PD_1,MO_4_8,
,,NONE,SUBSET,MO_4_8,MO_SPACE_4,
,,ADS,REQUEST,PD_2,PD_0,
,,VMR,REQUEST,PD_2,PD_0,
,,MO,REQUEST,PD_2,PD_0,
,,VCPU,REQUEST,PD_2,PD_0,
,,PD,REQUEST,PD_2,PD_0,
,,EP,REQUEST,PD_2,PD_0,
,,RESSPC,REQUEST,PD_2,PD_0,
,,NONE,HOLD,PD_2,VCPU_5_2,
,,NONE,SUBSET,VCPU_5_2,VCPU_SPACE_5,
,,NONE,MAP,VCPU_5_2,PCPU_1_0,
,,NONE,HOLD,PD_2,ADS_SPACE_8,
,,NONE,HOLD,PD_2,MO_4_8,
,,NONE,HOLD,PD_2,MO_4_9,
,,NONE,SUBSET,MO_4_9,MO_SPACE_4,
,,NONE,HOLD,PD_2,MO_4_a,
,,NONE,SUBSET,MO_4_a,MO_SPACE_4,
,,NONE,HOLD,PD_1,VCPU_5_2,
,,NONE,HOLD,PD_1,MO_4_9,
,,NONE,HOLD,PD_1,MO_4_a,
,,NONE,HOLD,PD_1,MO_4_b,
,,NONE,SUBSET,MO_4_b,MO_SPACE_4,
,,NONE,HOLD,PD_3,VCPU_5_3,
,,NONE,SUBSET,VCPU_5_3,VCPU_SPACE_5,
,,NONE,MAP,VCPU_5_3,PCPU_1_0,
,,NONE,MAP,ADS_SPACE_9,MO_SPACE_4,
,,NONE,HOLD,PD_0,ADS_SPACE_9,
,,NONE,SUBSET,VMR_9_1,ADS_SPACE_9,
,,NONE,HOLD,PD_3,VMR_9_1,
,,NONE,MAP,VMR_9_1,MO_4_b,
,,NONE,SUBSET,VMR_9_2,ADS_SPACE_9,
,,NONE,HOLD,PD_3,VMR_9_2,
,,NONE,MAP,VMR_9_2,MO_4_d,
,,NONE,SUBSET,VMR_9_3,ADS_SPACE_9,
,,NONE,HOLD,PD_3,VMR_9_3,
,,NONE,MAP,VMR_9_3,MO_4_e,
,,NONE,SUBSET,VMR_9_4,ADS_SPACE_9,
,,NONE,HOLD,PD_3,VMR_9_4,
,,NONE,MAP,VMR_9_4,MO_4_c,
,,NONE,HOLD,PD_3,ADS_SPACE_9,
,,NONE,HOLD,PD_1,ADS_SPACE_9,
,,NONE,HOLD,PD_1,VCPU_5_3,
,,NONE,HOLD,PD_1,MO_4_c,
,,NONE,SUBSET,MO_4_c,MO_SPACE_4,
,,NONE,HOLD,PD_1,MO_4_d,
,,NONE,SUBSET,MO_4_d,MO_SPACE_4,
,,NONE,HOLD,PD_1,MO_4_e,
,,NONE,SUBSET,MO_4_e,MO_SPACE_4,
,,NONE,HOLD,PD_0,MO_4_4,
,,NONE,SUBSET,MO_4_4,MO_SPACE_4,
,,NONE,HOLD,PD_0,MO_4_5,
,,NONE,SUBSET,MO_4_5,MO_SPACE_4,
,,NONE,HOLD,PD_0,MO_4_6,
,,NONE,SUBSET,MO_4_6,MO_SPACE_4,
,,NONE,HOLD,PD_0,MO_4_7,
,,NONE,SUBSET,MO_4_7,MO_SPACE_4,
,,NONE,HOLD,PD_0,MO_4_8,
,,NONE,HOLD,PD_0,MO_4_9,
,,NONE,HOLD,PD_0,MO_4_a,
,,NONE,HOLD,PD_0,MO_4_b,
,,NONE,HOLD,PD_0,MO_4_c,
,,NONE,HOLD,PD_0,MO_4_d,
,,NONE,HOLD,PD_0,MO_4_e,
